-----------1st-------------
Use 'DFSLoop' subroutine...
-----------2nd-------------
Use 'DFSLoop' subroutine...
scc[3] = [3, 4, 2]
size = 3
----------------
scc[1] = [5, 6, 1]
size = 3
----------------
scc[7] = [8, 9, 7]
size = 3
----------------
All size of the SCC in descending order(max 5) : 3,3,3
input_edge_list.size() = 11
-----------1st-------------
Use 'DFSLoop' subroutine...
-----------2nd-------------
Use 'DFSLoop' subroutine...
scc[9] = [3, 6, 9]
size = 3
----------------
scc[5] = [2, 8, 5]
size = 3
----------------
scc[7] = [4, 1, 7]
size = 3
----------------
All size of the SCC in descending order(max 5) : 3,3,3
input_edge_list.size() = 11
-----------1st-------------
Use 'DFSLoop' subroutine...
-----------2nd-------------
Use 'DFSLoop' subroutine...
scc[2] = [1, 3, 2]
size = 3
----------------
scc[7] = [7, 6, 8]
size = 3
----------------
scc[5] = [4, 5]
size = 2
----------------
All size of the SCC in descending order(max 5) : 3,3,2
input_edge_list.size() = 14
-----------1st-------------
Use 'DFSLoop' subroutine...
-----------2nd-------------
Use 'DFSLoop' subroutine...
scc[5] = [5]
size = 1
----------------
scc[6] = [7, 8, 6]
size = 3
----------------
scc[4] = [4]
size = 1
----------------
scc[3] = [1, 2, 3]
size = 3
----------------
All size of the SCC in descending order(max 5) : 3,3,1,1
input_edge_list.size() = 9
-----------1st-------------
Use 'DFSLoop' subroutine...
-----------2nd-------------
Use 'DFSLoop' subroutine...
scc[5] = [5]
size = 1
----------------
scc[6] = [7, 8, 1, 4, 2, 3, 6]
size = 7
----------------
All size of the SCC in descending order(max 5) : 7,1
input_edge_list.size() = 11
-----------1st-------------
Use 'DFSLoop' subroutine...
-----------2nd-------------
Use 'DFSLoop' subroutine...
scc[6] = [6, 3]
size = 2
----------------
scc[5] = [2, 4, 5]
size = 3
----------------
scc[12] = [8, 7, 9, 10, 11, 12]
size = 6
----------------
scc[1] = [1]
size = 1
----------------
All size of the SCC in descending order(max 5) : 6,3,2,1
input_edge_list.size() = 20
